# JRE version: OpenJDK Runtime Environment (21.0.8) (build 21.0.8+-14196175-b1038.72)
# Java VM: OpenJDK 64-Bit Server VM (21.0.8+-14196175-b1038.72, mixed mode, tiered, compressed oops, compressed class ptrs, g1 gc, windows-amd64)
GC Precious Log:
 CardTable entry size: 512
 Card Set container configuration: InlinePtr #cards 5 size 8 Array Of Cards #cards 12 size 40 Howl #buckets 4 coarsen threshold 1843 Howl Bitmap #cards 512 size 80 coarsen threshold 460 Card regions per heap region 1 cards per card region 2048
 CPUs: 8 total, 8 available
 Memory: 8070M
 Large Page Support: Disabled
 NUMA Support: Disabled
 Compressed Oops: Enabled (32-bit)
 Heap Region Size: 1M
 Heap Min Capacity: 8M
 Heap Initial Capacity: 128M
 Heap Max Capacity: 2G
 Pre-touch: Disabled
 Parallel Workers: 8
 Concurrent Workers: 2
 Concurrent Refinement Workers: 8
 Periodic GC: Disabled
Heap:
 garbage-first heap   total 177152K, used 128839K [0x0000000080000000, 0x0000000100000000)
  region size 1024K, 16 young (16384K), 6 survivors (6144K)
 Metaspace       used 119453K, committed 121600K, reserved 1179648K
  class space    used 16680K, committed 17728K, reserved 1048576K
GC Heap History (20 events):
Event: 37.273 GC heap before
{Heap before GC invocations=42 (full 0):
 garbage-first heap   total 140288K, used 126431K [0x0000000080000000, 0x0000000100000000)
  region size 1024K, 42 young (43008K), 4 survivors (4096K)
 Metaspace       used 92609K, committed 94528K, reserved 1179648K
  class space    used 12818K, committed 13760K, reserved 1048576K
}
Event: 37.281 GC heap after
{Heap after GC invocations=43 (full 0):
 garbage-first heap   total 140288K, used 92146K [0x0000000080000000, 0x0000000100000000)
  region size 1024K, 6 young (6144K), 6 survivors (6144K)
 Metaspace       used 92609K, committed 94528K, reserved 1179648K
  class space    used 12818K, committed 13760K, reserved 1048576K
}
Event: 38.378 GC heap before
{Heap before GC invocations=44 (full 0):
 garbage-first heap   total 153600K, used 125938K [0x0000000080000000, 0x0000000100000000)
  region size 1024K, 39 young (39936K), 6 survivors (6144K)
 Metaspace       used 94261K, committed 96128K, reserved 1179648K
  class space    used 13026K, committed 13952K, reserved 1048576K
}
Event: 38.387 GC heap after
{Heap after GC invocations=45 (full 0):
 garbage-first heap   total 153600K, used 95293K [0x0000000080000000, 0x0000000100000000)
  region size 1024K, 4 young (4096K), 4 survivors (4096K)
 Metaspace       used 94261K, committed 96128K, reserved 1179648K
  class space    used 13026K, committed 13952K, reserved 1048576K
}
Event: 40.109 GC heap before
{Heap before GC invocations=45 (full 0):
 garbage-first heap   total 153600K, used 139325K [0x0000000080000000, 0x0000000100000000)
  region size 1024K, 46 young (47104K), 4 survivors (4096K)
 Metaspace       used 97562K, committed 99520K, reserved 1179648K
  class space    used 13502K, committed 14464K, reserved 1048576K
}
Event: 40.118 GC heap after
{Heap after GC invocations=46 (full 0):
 garbage-first heap   total 153600K, used 95317K [0x0000000080000000, 0x0000000100000000)
  region size 1024K, 2 young (2048K), 2 survivors (2048K)
 Metaspace       used 97562K, committed 99520K, reserved 1179648K
  class space    used 13502K, committed 14464K, reserved 1048576K
}
Event: 42.086 GC heap before
{Heap before GC invocations=46 (full 0):
 garbage-first heap   total 153600K, used 140373K [0x0000000080000000, 0x0000000100000000)
  region size 1024K, 46 young (47104K), 2 survivors (2048K)
 Metaspace       used 101320K, committed 103296K, reserved 1179648K
  class space    used 14198K, committed 15168K, reserved 1048576K
}
Event: 42.092 GC heap after
{Heap after GC invocations=47 (full 0):
 garbage-first heap   total 153600K, used 96602K [0x0000000080000000, 0x0000000100000000)
  region size 1024K, 3 young (3072K), 3 survivors (3072K)
 Metaspace       used 101320K, committed 103296K, reserved 1179648K
  class space    used 14198K, committed 15168K, reserved 1048576K
}
Event: 43.417 GC heap before
{Heap before GC invocations=48 (full 0):
 garbage-first heap   total 162816K, used 140634K [0x0000000080000000, 0x0000000100000000)
  region size 1024K, 46 young (47104K), 3 survivors (3072K)
 Metaspace       used 104183K, committed 106240K, reserved 1179648K
  class space    used 14665K, committed 15680K, reserved 1048576K
}
Event: 43.423 GC heap after
{Heap after GC invocations=49 (full 0):
 garbage-first heap   total 162816K, used 98814K [0x0000000080000000, 0x0000000100000000)
  region size 1024K, 6 young (6144K), 6 survivors (6144K)
 Metaspace       used 104183K, committed 106240K, reserved 1179648K
  class space    used 14665K, committed 15680K, reserved 1048576K
}
Event: 45.232 GC heap before
{Heap before GC invocations=49 (full 0):
 garbage-first heap   total 162816K, used 145918K [0x0000000080000000, 0x0000000100000000)
  region size 1024K, 52 young (53248K), 6 survivors (6144K)
 Metaspace       used 108437K, committed 110464K, reserved 1179648K
  class space    used 15336K, committed 16320K, reserved 1048576K
}
Event: 45.241 GC heap after
{Heap after GC invocations=50 (full 0):
 garbage-first heap   total 162816K, used 99080K [0x0000000080000000, 0x0000000100000000)
  region size 1024K, 6 young (6144K), 6 survivors (6144K)
 Metaspace       used 108437K, committed 110464K, reserved 1179648K
  class space    used 15336K, committed 16320K, reserved 1048576K
}
Event: 47.024 GC heap before
{Heap before GC invocations=50 (full 0):
 garbage-first heap   total 162816K, used 147208K [0x0000000080000000, 0x0000000100000000)
  region size 1024K, 53 young (54272K), 6 survivors (6144K)
 Metaspace       used 112820K, committed 114880K, reserved 1179648K
  class space    used 15914K, committed 16896K, reserved 1048576K
}
Event: 47.037 GC heap after
{Heap after GC invocations=51 (full 0):
 garbage-first heap   total 162816K, used 101825K [0x0000000080000000, 0x0000000100000000)
  region size 1024K, 5 young (5120K), 5 survivors (5120K)
 Metaspace       used 112820K, committed 114880K, reserved 1179648K
  class space    used 15914K, committed 16896K, reserved 1048576K
}
Event: 48.688 GC heap before
{Heap before GC invocations=52 (full 0):
 garbage-first heap   total 171008K, used 146881K [0x0000000080000000, 0x0000000100000000)
  region size 1024K, 50 young (51200K), 5 survivors (5120K)
 Metaspace       used 115277K, committed 117376K, reserved 1179648K
  class space    used 16256K, committed 17280K, reserved 1048576K
}
Event: 48.699 GC heap after
{Heap after GC invocations=53 (full 0):
 garbage-first heap   total 171008K, used 105990K [0x0000000080000000, 0x0000000100000000)
  region size 1024K, 7 young (7168K), 7 survivors (7168K)
 Metaspace       used 115277K, committed 117376K, reserved 1179648K
  class space    used 16256K, committed 17280K, reserved 1048576K
}
Event: 56.048 GC heap before
{Heap before GC invocations=53 (full 0):
 garbage-first heap   total 171008K, used 158214K [0x0000000080000000, 0x0000000100000000)
  region size 1024K, 54 young (55296K), 7 survivors (7168K)
 Metaspace       used 119323K, committed 121536K, reserved 1179648K
  class space    used 16671K, committed 17728K, reserved 1048576K
}
Event: 56.071 GC heap after
{Heap after GC invocations=54 (full 0):
 garbage-first heap   total 177152K, used 113107K [0x0000000080000000, 0x0000000100000000)
  region size 1024K, 7 young (7168K), 7 survivors (7168K)
 Metaspace       used 119323K, committed 121536K, reserved 1179648K
  class space    used 16671K, committed 17728K, reserved 1048576K
}
Event: 57.284 GC heap before
{Heap before GC invocations=54 (full 0):
 garbage-first heap   total 177152K, used 159187K [0x0000000080000000, 0x0000000100000000)
  region size 1024K, 52 young (53248K), 7 survivors (7168K)
 Metaspace       used 119449K, committed 121600K, reserved 1179648K
  class space    used 16680K, committed 17728K, reserved 1048576K
}
Event: 57.301 GC heap after
{Heap after GC invocations=55 (full 0):
 garbage-first heap   total 177152K, used 119623K [0x0000000080000000, 0x0000000100000000)
  region size 1024K, 6 young (6144K), 6 survivors (6144K)
 Metaspace       used 119449K, committed 121600K, reserved 1179648K
  class space    used 16680K, committed 17728K, reserved 1048576K
}

