# JRE version: OpenJDK Runtime Environment (21.0.8) (build 21.0.8+-14196175-b1038.72)
# Java VM: OpenJDK 64-Bit Server VM (21.0.8+-14196175-b1038.72, mixed mode, tiered, compressed oops, compressed class ptrs, g1 gc, windows-amd64)
GC Precious Log:
 CardTable entry size: 512
 Card Set container configuration: InlinePtr #cards 5 size 8 Array Of Cards #cards 12 size 40 Howl #buckets 4 coarsen threshold 1843 Howl Bitmap #cards 512 size 80 coarsen threshold 460 Card regions per heap region 1 cards per card region 2048
 CPUs: 8 total, 8 available
 Memory: 8070M
 Large Page Support: Disabled
 NUMA Support: Disabled
 Compressed Oops: Enabled (32-bit)
 Heap Region Size: 1M
 Heap Min Capacity: 8M
 Heap Initial Capacity: 128M
 Heap Max Capacity: 2G
 Pre-touch: Disabled
 Parallel Workers: 8
 Concurrent Workers: 2
 Concurrent Refinement Workers: 8
 Periodic GC: Disabled
Heap:
 garbage-first heap   total 140288K, used 120735K [0x0000000080000000, 0x0000000100000000)
  region size 1024K, 37 young (37888K), 4 survivors (4096K)
 Metaspace       used 91406K, committed 93312K, reserved 1179648K
  class space    used 12644K, committed 13568K, reserved 1048576K
GC Heap History (20 events):
Event: 19.237 GC heap before
{Heap before GC invocations=24 (full 0):
 garbage-first heap   total 87040K, used 75164K [0x0000000080000000, 0x0000000100000000)
  region size 1024K, 29 young (29696K), 4 survivors (4096K)
 Metaspace       used 68136K, committed 69760K, reserved 1114112K
  class space    used 9574K, committed 10368K, reserved 1048576K
}
Event: 19.242 GC heap after
{Heap after GC invocations=25 (full 0):
 garbage-first heap   total 87040K, used 51293K [0x0000000080000000, 0x0000000100000000)
  region size 1024K, 4 young (4096K), 4 survivors (4096K)
 Metaspace       used 68136K, committed 69760K, reserved 1114112K
  class space    used 9574K, committed 10368K, reserved 1048576K
}
Event: 19.458 GC heap before
{Heap before GC invocations=25 (full 0):
 garbage-first heap   total 87040K, used 75869K [0x0000000080000000, 0x0000000100000000)
  region size 1024K, 29 young (29696K), 4 survivors (4096K)
 Metaspace       used 68144K, committed 69824K, reserved 1114112K
  class space    used 9574K, committed 10368K, reserved 1048576K
}
Event: 19.466 GC heap after
{Heap after GC invocations=26 (full 0):
 garbage-first heap   total 87040K, used 51093K [0x0000000080000000, 0x0000000100000000)
  region size 1024K, 4 young (4096K), 4 survivors (4096K)
 Metaspace       used 68144K, committed 69824K, reserved 1114112K
  class space    used 9574K, committed 10368K, reserved 1048576K
}
Event: 19.806 GC heap before
{Heap before GC invocations=26 (full 0):
 garbage-first heap   total 87040K, used 76693K [0x0000000080000000, 0x0000000100000000)
  region size 1024K, 29 young (29696K), 4 survivors (4096K)
 Metaspace       used 68334K, committed 69952K, reserved 1114112K
  class space    used 9599K, committed 10368K, reserved 1048576K
}
Event: 19.812 GC heap after
{Heap after GC invocations=27 (full 0):
 garbage-first heap   total 104448K, used 52038K [0x0000000080000000, 0x0000000100000000)
  region size 1024K, 4 young (4096K), 4 survivors (4096K)
 Metaspace       used 68334K, committed 69952K, reserved 1114112K
  class space    used 9599K, committed 10368K, reserved 1048576K
}
Event: 21.288 GC heap before
{Heap before GC invocations=28 (full 0):
 garbage-first heap   total 104448K, used 103238K [0x0000000080000000, 0x0000000100000000)
  region size 1024K, 41 young (41984K), 4 survivors (4096K)
 Metaspace       used 70745K, committed 72448K, reserved 1114112K
  class space    used 9916K, committed 10752K, reserved 1048576K
}
Event: 21.298 GC heap after
{Heap after GC invocations=29 (full 0):
 garbage-first heap   total 116736K, used 72771K [0x0000000080000000, 0x0000000100000000)
  region size 1024K, 6 young (6144K), 6 survivors (6144K)
 Metaspace       used 70745K, committed 72448K, reserved 1114112K
  class space    used 9916K, committed 10752K, reserved 1048576K
}
Event: 22.230 GC heap before
{Heap before GC invocations=29 (full 0):
 garbage-first heap   total 116736K, used 101443K [0x0000000080000000, 0x0000000100000000)
  region size 1024K, 35 young (35840K), 6 survivors (6144K)
 Metaspace       used 74090K, committed 75840K, reserved 1114112K
  class space    used 10284K, committed 11136K, reserved 1048576K
}
Event: 22.237 GC heap after
{Heap after GC invocations=30 (full 0):
 garbage-first heap   total 116736K, used 73640K [0x0000000080000000, 0x0000000100000000)
  region size 1024K, 2 young (2048K), 2 survivors (2048K)
 Metaspace       used 74090K, committed 75840K, reserved 1114112K
  class space    used 10284K, committed 11136K, reserved 1048576K
}
Event: 23.003 GC heap before
{Heap before GC invocations=30 (full 0):
 garbage-first heap   total 116736K, used 102312K [0x0000000080000000, 0x0000000100000000)
  region size 1024K, 31 young (31744K), 2 survivors (2048K)
 Metaspace       used 77215K, committed 79040K, reserved 1179648K
  class space    used 10643K, committed 11520K, reserved 1048576K
}
Event: 23.008 GC heap after
{Heap after GC invocations=31 (full 0):
 garbage-first heap   total 116736K, used 74600K [0x0000000080000000, 0x0000000100000000)
  region size 1024K, 3 young (3072K), 3 survivors (3072K)
 Metaspace       used 77215K, committed 79040K, reserved 1179648K
  class space    used 10643K, committed 11520K, reserved 1048576K
}
Event: 23.886 GC heap before
{Heap before GC invocations=32 (full 0):
 garbage-first heap   total 126976K, used 109416K [0x0000000080000000, 0x0000000100000000)
  region size 1024K, 33 young (33792K), 3 survivors (3072K)
 Metaspace       used 79929K, committed 81728K, reserved 1179648K
  class space    used 11047K, committed 11904K, reserved 1048576K
}
Event: 23.893 GC heap after
{Heap after GC invocations=33 (full 0):
 garbage-first heap   total 126976K, used 79911K [0x0000000080000000, 0x0000000100000000)
  region size 1024K, 5 young (5120K), 5 survivors (5120K)
 Metaspace       used 79929K, committed 81728K, reserved 1179648K
  class space    used 11047K, committed 11904K, reserved 1048576K
}
Event: 25.027 GC heap before
{Heap before GC invocations=33 (full 0):
 garbage-first heap   total 126976K, used 113703K [0x0000000080000000, 0x0000000100000000)
  region size 1024K, 38 young (38912K), 5 survivors (5120K)
 Metaspace       used 82560K, committed 84352K, reserved 1179648K
  class space    used 11406K, committed 12288K, reserved 1048576K
}
Event: 25.038 GC heap after
{Heap after GC invocations=34 (full 0):
 garbage-first heap   total 126976K, used 81476K [0x0000000080000000, 0x0000000100000000)
  region size 1024K, 2 young (2048K), 2 survivors (2048K)
 Metaspace       used 82560K, committed 84352K, reserved 1179648K
  class space    used 11406K, committed 12288K, reserved 1048576K
}
Event: 26.439 GC heap before
{Heap before GC invocations=34 (full 0):
 garbage-first heap   total 126976K, used 115268K [0x0000000080000000, 0x0000000100000000)
  region size 1024K, 36 young (36864K), 2 survivors (2048K)
 Metaspace       used 85543K, committed 87360K, reserved 1179648K
  class space    used 11797K, committed 12672K, reserved 1048576K
}
Event: 26.444 GC heap after
{Heap after GC invocations=35 (full 0):
 garbage-first heap   total 126976K, used 82750K [0x0000000080000000, 0x0000000100000000)
  region size 1024K, 4 young (4096K), 4 survivors (4096K)
 Metaspace       used 85543K, committed 87360K, reserved 1179648K
  class space    used 11797K, committed 12672K, reserved 1048576K
}
Event: 27.650 GC heap before
{Heap before GC invocations=36 (full 0):
 garbage-first heap   total 140288K, used 116542K [0x0000000080000000, 0x0000000100000000)
  region size 1024K, 34 young (34816K), 4 survivors (4096K)
 Metaspace       used 88964K, committed 90816K, reserved 1179648K
  class space    used 12290K, committed 13248K, reserved 1048576K
}
Event: 27.664 GC heap after
{Heap after GC invocations=37 (full 0):
 garbage-first heap   total 140288K, used 87967K [0x0000000080000000, 0x0000000100000000)
  region size 1024K, 4 young (4096K), 4 survivors (4096K)
 Metaspace       used 88964K, committed 90816K, reserved 1179648K
  class space    used 12290K, committed 13248K, reserved 1048576K
}

