# JRE version: OpenJDK Runtime Environment (21.0.8) (build 21.0.8+-14196175-b1038.72)
# Java VM: OpenJDK 64-Bit Server VM (21.0.8+-14196175-b1038.72, mixed mode, tiered, compressed oops, compressed class ptrs, g1 gc, windows-amd64)
GC Precious Log:
 CardTable entry size: 512
 Card Set container configuration: InlinePtr #cards 5 size 8 Array Of Cards #cards 12 size 40 Howl #buckets 4 coarsen threshold 1843 Howl Bitmap #cards 512 size 80 coarsen threshold 460 Card regions per heap region 1 cards per card region 2048
 CPUs: 8 total, 8 available
 Memory: 8070M
 Large Page Support: Disabled
 NUMA Support: Disabled
 Compressed Oops: Enabled (32-bit)
 Heap Region Size: 1M
 Heap Min Capacity: 8M
 Heap Initial Capacity: 128M
 Heap Max Capacity: 2G
 Pre-touch: Disabled
 Parallel Workers: 8
 Concurrent Workers: 2
 Concurrent Refinement Workers: 8
 Periodic GC: Disabled
Heap:
 garbage-first heap   total 389120K, used 243371K [0x0000000080000000, 0x0000000100000000)
  region size 1024K, 71 young (72704K), 6 survivors (6144K)
 Metaspace       used 156309K, committed 158656K, reserved 1245184K
  class space    used 20920K, committed 22080K, reserved 1048576K
GC Heap History (20 events):
Event: 149.818 GC heap before
{Heap before GC invocations=67 (full 0):
 garbage-first heap   total 291840K, used 214371K [0x0000000080000000, 0x0000000100000000)
  region size 1024K, 21 young (21504K), 6 survivors (6144K)
 Metaspace       used 142904K, committed 145216K, reserved 1179648K
  class space    used 19493K, committed 20672K, reserved 1048576K
}
Event: 149.828 GC heap after
{Heap after GC invocations=68 (full 0):
 garbage-first heap   total 291840K, used 204569K [0x0000000080000000, 0x0000000100000000)
  region size 1024K, 8 young (8192K), 8 survivors (8192K)
 Metaspace       used 142904K, committed 145216K, reserved 1179648K
  class space    used 19493K, committed 20672K, reserved 1048576K
}
Event: 151.542 GC heap before
{Heap before GC invocations=69 (full 0):
 garbage-first heap   total 291840K, used 208665K [0x0000000080000000, 0x0000000100000000)
  region size 1024K, 47 young (48128K), 8 survivors (8192K)
 Metaspace       used 145150K, committed 147520K, reserved 1179648K
  class space    used 19740K, committed 20928K, reserved 1048576K
}
Event: 151.556 GC heap after
{Heap after GC invocations=70 (full 0):
 garbage-first heap   total 291840K, used 175873K [0x0000000080000000, 0x0000000100000000)
  region size 1024K, 6 young (6144K), 6 survivors (6144K)
 Metaspace       used 145150K, committed 147520K, reserved 1179648K
  class space    used 19740K, committed 20928K, reserved 1048576K
}
Event: 152.475 GC heap before
{Heap before GC invocations=70 (full 0):
 garbage-first heap   total 291840K, used 227073K [0x0000000080000000, 0x0000000100000000)
  region size 1024K, 57 young (58368K), 6 survivors (6144K)
 Metaspace       used 145639K, committed 147904K, reserved 1179648K
  class space    used 19776K, committed 20928K, reserved 1048576K
}
Event: 152.506 GC heap after
{Heap after GC invocations=71 (full 0):
 garbage-first heap   total 291840K, used 172626K [0x0000000080000000, 0x0000000100000000)
  region size 1024K, 8 young (8192K), 8 survivors (8192K)
 Metaspace       used 145639K, committed 147904K, reserved 1179648K
  class space    used 19776K, committed 20928K, reserved 1048576K
}
Event: 153.858 GC heap before
{Heap before GC invocations=71 (full 0):
 garbage-first heap   total 291840K, used 226898K [0x0000000080000000, 0x0000000100000000)
  region size 1024K, 62 young (63488K), 8 survivors (8192K)
 Metaspace       used 146184K, committed 148544K, reserved 1179648K
  class space    used 19839K, committed 20992K, reserved 1048576K
}
Event: 153.881 GC heap after
{Heap after GC invocations=72 (full 0):
 garbage-first heap   total 291840K, used 182069K [0x0000000080000000, 0x0000000100000000)
  region size 1024K, 8 young (8192K), 8 survivors (8192K)
 Metaspace       used 146184K, committed 148544K, reserved 1179648K
  class space    used 19839K, committed 20992K, reserved 1048576K
}
Event: 154.597 GC heap before
{Heap before GC invocations=72 (full 0):
 garbage-first heap   total 291840K, used 236341K [0x0000000080000000, 0x0000000100000000)
  region size 1024K, 62 young (63488K), 8 survivors (8192K)
 Metaspace       used 146235K, committed 148544K, reserved 1179648K
  class space    used 19842K, committed 20992K, reserved 1048576K
}
Event: 154.627 GC heap after
{Heap after GC invocations=73 (full 0):
 garbage-first heap   total 291840K, used 201728K [0x0000000080000000, 0x0000000100000000)
  region size 1024K, 8 young (8192K), 8 survivors (8192K)
 Metaspace       used 146235K, committed 148544K, reserved 1179648K
  class space    used 19842K, committed 20992K, reserved 1048576K
}
Event: 154.881 GC heap before
{Heap before GC invocations=73 (full 0):
 garbage-first heap   total 291840K, used 245760K [0x0000000080000000, 0x0000000100000000)
  region size 1024K, 51 young (52224K), 8 survivors (8192K)
 Metaspace       used 146236K, committed 148608K, reserved 1179648K
  class space    used 19842K, committed 20992K, reserved 1048576K
}
Event: 154.917 GC heap after
{Heap after GC invocations=74 (full 0):
 garbage-first heap   total 291840K, used 232960K [0x0000000080000000, 0x0000000100000000)
  region size 1024K, 7 young (7168K), 7 survivors (7168K)
 Metaspace       used 146236K, committed 148608K, reserved 1179648K
  class space    used 19842K, committed 20992K, reserved 1048576K
}
Event: 155.577 GC heap before
{Heap before GC invocations=74 (full 0):
 garbage-first heap   total 389120K, used 256512K [0x0000000080000000, 0x0000000100000000)
  region size 1024K, 31 young (31744K), 7 survivors (7168K)
 Metaspace       used 145961K, committed 148480K, reserved 1179648K
  class space    used 19820K, committed 20992K, reserved 1048576K
}
Event: 155.606 GC heap after
{Heap after GC invocations=75 (full 0):
 garbage-first heap   total 389120K, used 242176K [0x0000000080000000, 0x0000000100000000)
  region size 1024K, 4 young (4096K), 4 survivors (4096K)
 Metaspace       used 145961K, committed 148480K, reserved 1179648K
  class space    used 19820K, committed 20992K, reserved 1048576K
}
Event: 171.399 GC heap before
{Heap before GC invocations=76 (full 0):
 garbage-first heap   total 389120K, used 304640K [0x0000000080000000, 0x0000000100000000)
  region size 1024K, 66 young (67584K), 4 survivors (4096K)
 Metaspace       used 146085K, committed 148544K, reserved 1179648K
  class space    used 19825K, committed 20992K, reserved 1048576K
}
Event: 171.421 GC heap after
{Heap after GC invocations=77 (full 0):
 garbage-first heap   total 389120K, used 246393K [0x0000000080000000, 0x0000000100000000)
  region size 1024K, 9 young (9216K), 9 survivors (9216K)
 Metaspace       used 146085K, committed 148544K, reserved 1179648K
  class space    used 19825K, committed 20992K, reserved 1048576K
}
Event: 201.776 GC heap before
{Heap before GC invocations=77 (full 0):
 garbage-first heap   total 389120K, used 319097K [0x0000000080000000, 0x0000000100000000)
  region size 1024K, 75 young (76800K), 9 survivors (9216K)
 Metaspace       used 150574K, committed 152896K, reserved 1245184K
  class space    used 20309K, committed 21440K, reserved 1048576K
}
Event: 201.860 GC heap after
{Heap after GC invocations=78 (full 0):
 garbage-first heap   total 389120K, used 222879K [0x0000000080000000, 0x0000000100000000)
  region size 1024K, 6 young (6144K), 6 survivors (6144K)
 Metaspace       used 150574K, committed 152896K, reserved 1245184K
  class space    used 20309K, committed 21440K, reserved 1048576K
}
Event: 353.819 GC heap before
{Heap before GC invocations=78 (full 0):
 garbage-first heap   total 389120K, used 307871K [0x0000000080000000, 0x0000000100000000)
  region size 1024K, 90 young (92160K), 6 survivors (6144K)
 Metaspace       used 155544K, committed 157888K, reserved 1245184K
  class space    used 20837K, committed 21952K, reserved 1048576K
}
Event: 353.875 GC heap after
{Heap after GC invocations=79 (full 0):
 garbage-first heap   total 389120K, used 222891K [0x0000000080000000, 0x0000000100000000)
  region size 1024K, 6 young (6144K), 6 survivors (6144K)
 Metaspace       used 155544K, committed 157888K, reserved 1245184K
  class space    used 20837K, committed 21952K, reserved 1048576K
}

