# JRE version: OpenJDK Runtime Environment (21.0.8) (build 21.0.8+-14196175-b1038.72)
# Java VM: OpenJDK 64-Bit Server VM (21.0.8+-14196175-b1038.72, mixed mode, tiered, compressed oops, compressed class ptrs, g1 gc, windows-amd64)
GC Precious Log:
 CardTable entry size: 512
 Card Set container configuration: InlinePtr #cards 5 size 8 Array Of Cards #cards 12 size 40 Howl #buckets 4 coarsen threshold 1843 Howl Bitmap #cards 512 size 80 coarsen threshold 460 Card regions per heap region 1 cards per card region 2048
 CPUs: 8 total, 8 available
 Memory: 8070M
 Large Page Support: Disabled
 NUMA Support: Disabled
 Compressed Oops: Enabled (32-bit)
 Heap Region Size: 1M
 Heap Min Capacity: 8M
 Heap Initial Capacity: 128M
 Heap Max Capacity: 512M
 Pre-touch: Disabled
 Parallel Workers: 8
 Concurrent Workers: 2
 Concurrent Refinement Workers: 8
 Periodic GC: Disabled
Heap:
 garbage-first heap   total 171008K, used 101655K [0x00000000e0000000, 0x0000000100000000)
  region size 1024K, 5 young (5120K), 3 survivors (3072K)
 Metaspace       used 65093K, committed 67520K, reserved 1114112K
  class space    used 6295K, committed 7360K, reserved 1048576K
GC Heap History (20 events):
Event: 11.514 GC heap before
{Heap before GC invocations=10 (full 0):
 garbage-first heap   total 152576K, used 125319K [0x00000000e0000000, 0x0000000100000000)
  region size 1024K, 37 young (37888K), 4 survivors (4096K)
 Metaspace       used 46423K, committed 48000K, reserved 1114112K
  class space    used 4548K, committed 5248K, reserved 1048576K
}
Event: 11.526 GC heap after
{Heap after GC invocations=11 (full 0):
 garbage-first heap   total 152576K, used 94150K [0x00000000e0000000, 0x0000000100000000)
  region size 1024K, 3 young (3072K), 3 survivors (3072K)
 Metaspace       used 46423K, committed 48000K, reserved 1114112K
  class space    used 4548K, committed 5248K, reserved 1048576K
}
Event: 11.918 GC heap before
{Heap before GC invocations=11 (full 0):
 garbage-first heap   total 152576K, used 105414K [0x00000000e0000000, 0x0000000100000000)
  region size 1024K, 16 young (16384K), 3 survivors (3072K)
 Metaspace       used 48288K, committed 49856K, reserved 1114112K
  class space    used 4731K, committed 5376K, reserved 1048576K
}
Event: 11.923 GC heap after
{Heap after GC invocations=12 (full 0):
 garbage-first heap   total 152576K, used 94861K [0x00000000e0000000, 0x0000000100000000)
  region size 1024K, 4 young (4096K), 4 survivors (4096K)
 Metaspace       used 48288K, committed 49856K, reserved 1114112K
  class space    used 4731K, committed 5376K, reserved 1048576K
}
Event: 13.206 GC heap before
{Heap before GC invocations=13 (full 0):
 garbage-first heap   total 162816K, used 132749K [0x00000000e0000000, 0x0000000100000000)
  region size 1024K, 40 young (40960K), 4 survivors (4096K)
 Metaspace       used 56289K, committed 57856K, reserved 1114112K
  class space    used 5292K, committed 5952K, reserved 1048576K
}
Event: 13.214 GC heap after
{Heap after GC invocations=14 (full 0):
 garbage-first heap   total 162816K, used 96565K [0x00000000e0000000, 0x0000000100000000)
  region size 1024K, 3 young (3072K), 3 survivors (3072K)
 Metaspace       used 56289K, committed 57856K, reserved 1114112K
  class space    used 5292K, committed 5952K, reserved 1048576K
}
Event: 13.891 GC heap before
{Heap before GC invocations=14 (full 0):
 garbage-first heap   total 162816K, used 141621K [0x00000000e0000000, 0x0000000100000000)
  region size 1024K, 47 young (48128K), 3 survivors (3072K)
 Metaspace       used 57400K, committed 58944K, reserved 1114112K
  class space    used 5362K, committed 6016K, reserved 1048576K
}
Event: 13.898 GC heap after
{Heap after GC invocations=15 (full 0):
 garbage-first heap   total 162816K, used 97295K [0x00000000e0000000, 0x0000000100000000)
  region size 1024K, 5 young (5120K), 5 survivors (5120K)
 Metaspace       used 57400K, committed 58944K, reserved 1114112K
  class space    used 5362K, committed 6016K, reserved 1048576K
}
Event: 14.483 GC heap before
{Heap before GC invocations=15 (full 0):
 garbage-first heap   total 162816K, used 144399K [0x00000000e0000000, 0x0000000100000000)
  region size 1024K, 51 young (52224K), 5 survivors (5120K)
 Metaspace       used 57594K, committed 59200K, reserved 1114112K
  class space    used 5370K, committed 6080K, reserved 1048576K
}
Event: 14.488 GC heap after
{Heap after GC invocations=16 (full 0):
 garbage-first heap   total 162816K, used 97269K [0x00000000e0000000, 0x0000000100000000)
  region size 1024K, 2 young (2048K), 2 survivors (2048K)
 Metaspace       used 57594K, committed 59200K, reserved 1114112K
  class space    used 5370K, committed 6080K, reserved 1048576K
}
Event: 15.104 GC heap before
{Heap before GC invocations=17 (full 0):
 garbage-first heap   total 163840K, used 146421K [0x00000000e0000000, 0x0000000100000000)
  region size 1024K, 50 young (51200K), 2 survivors (2048K)
 Metaspace       used 57878K, committed 59520K, reserved 1114112K
  class space    used 5407K, committed 6144K, reserved 1048576K
}
Event: 15.108 GC heap after
{Heap after GC invocations=18 (full 0):
 garbage-first heap   total 163840K, used 97354K [0x00000000e0000000, 0x0000000100000000)
  region size 1024K, 2 young (2048K), 2 survivors (2048K)
 Metaspace       used 57878K, committed 59520K, reserved 1114112K
  class space    used 5407K, committed 6144K, reserved 1048576K
}
Event: 16.938 GC heap before
{Heap before GC invocations=18 (full 0):
 garbage-first heap   total 163840K, used 148554K [0x00000000e0000000, 0x0000000100000000)
  region size 1024K, 52 young (53248K), 2 survivors (2048K)
 Metaspace       used 62445K, committed 64704K, reserved 1114112K
  class space    used 6016K, committed 6976K, reserved 1048576K
}
Event: 16.947 GC heap after
{Heap after GC invocations=19 (full 0):
 garbage-first heap   total 163840K, used 99626K [0x00000000e0000000, 0x0000000100000000)
  region size 1024K, 5 young (5120K), 5 survivors (5120K)
 Metaspace       used 62445K, committed 64704K, reserved 1114112K
  class space    used 6016K, committed 6976K, reserved 1048576K
}
Event: 18.902 GC heap before
{Heap before GC invocations=19 (full 0):
 garbage-first heap   total 163840K, used 148778K [0x00000000e0000000, 0x0000000100000000)
  region size 1024K, 54 young (55296K), 5 survivors (5120K)
 Metaspace       used 64097K, committed 66496K, reserved 1114112K
  class space    used 6236K, committed 7296K, reserved 1048576K
}
Event: 18.911 GC heap after
{Heap after GC invocations=20 (full 0):
 garbage-first heap   total 163840K, used 101486K [0x00000000e0000000, 0x0000000100000000)
  region size 1024K, 3 young (3072K), 3 survivors (3072K)
 Metaspace       used 64097K, committed 66496K, reserved 1114112K
  class space    used 6236K, committed 7296K, reserved 1048576K
}
Event: 20.818 GC heap before
{Heap before GC invocations=21 (full 0):
 garbage-first heap   total 171008K, used 150638K [0x00000000e0000000, 0x0000000100000000)
  region size 1024K, 51 young (52224K), 3 survivors (3072K)
 Metaspace       used 64441K, committed 66816K, reserved 1114112K
  class space    used 6253K, committed 7296K, reserved 1048576K
}
Event: 20.824 GC heap after
{Heap after GC invocations=22 (full 0):
 garbage-first heap   total 171008K, used 101703K [0x00000000e0000000, 0x0000000100000000)
  region size 1024K, 3 young (3072K), 3 survivors (3072K)
 Metaspace       used 64441K, committed 66816K, reserved 1114112K
  class space    used 6253K, committed 7296K, reserved 1048576K
}
Event: 22.685 GC heap before
{Heap before GC invocations=22 (full 0):
 garbage-first heap   total 171008K, used 158023K [0x00000000e0000000, 0x0000000100000000)
  region size 1024K, 58 young (59392K), 3 survivors (3072K)
 Metaspace       used 64743K, committed 67264K, reserved 1114112K
  class space    used 6280K, committed 7360K, reserved 1048576K
}
Event: 22.696 GC heap after
{Heap after GC invocations=23 (full 0):
 garbage-first heap   total 171008K, used 100288K [0x00000000e0000000, 0x0000000100000000)
  region size 1024K, 3 young (3072K), 3 survivors (3072K)
 Metaspace       used 64743K, committed 67264K, reserved 1114112K
  class space    used 6280K, committed 7360K, reserved 1048576K
}

