# JRE version: OpenJDK Runtime Environment (21.0.8) (build 21.0.8+-14196175-b1038.72)
# Java VM: OpenJDK 64-Bit Server VM (21.0.8+-14196175-b1038.72, mixed mode, tiered, compressed oops, compressed class ptrs, g1 gc, windows-amd64)
GC Precious Log:
 CardTable entry size: 512
 Card Set container configuration: InlinePtr #cards 5 size 8 Array Of Cards #cards 12 size 40 Howl #buckets 4 coarsen threshold 1843 Howl Bitmap #cards 512 size 80 coarsen threshold 460 Card regions per heap region 1 cards per card region 2048
 CPUs: 8 total, 8 available
 Memory: 8070M
 Large Page Support: Disabled
 NUMA Support: Disabled
 Compressed Oops: Enabled (32-bit)
 Heap Region Size: 1M
 Heap Min Capacity: 8M
 Heap Initial Capacity: 128M
 Heap Max Capacity: 512M
 Pre-touch: Disabled
 Parallel Workers: 8
 Concurrent Workers: 2
 Concurrent Refinement Workers: 8
 Periodic GC: Disabled
Heap:
 garbage-first heap   total 171008K, used 142020K [0x00000000e0000000, 0x0000000100000000)
  region size 1024K, 43 young (44032K), 3 survivors (3072K)
 Metaspace       used 64390K, committed 66880K, reserved 1114112K
  class space    used 6266K, committed 7360K, reserved 1048576K
GC Heap History (20 events):
Event: 29.044 GC heap before
{Heap before GC invocations=7 (full 0):
 garbage-first heap   total 96256K, used 57344K [0x00000000e0000000, 0x0000000100000000)
  region size 1024K, 9 young (9216K), 5 survivors (5120K)
 Metaspace       used 35003K, committed 35904K, reserved 1114112K
  class space    used 3552K, committed 3968K, reserved 1048576K
}
Event: 29.054 GC heap after
{Heap after GC invocations=8 (full 0):
 garbage-first heap   total 96256K, used 49608K [0x00000000e0000000, 0x0000000100000000)
  region size 1024K, 3 young (3072K), 3 survivors (3072K)
 Metaspace       used 35003K, committed 35904K, reserved 1114112K
  class space    used 3552K, committed 3968K, reserved 1048576K
}
Event: 30.113 GC heap before
{Heap before GC invocations=9 (full 0):
 garbage-first heap   total 150528K, used 115144K [0x00000000e0000000, 0x0000000100000000)
  region size 1024K, 28 young (28672K), 3 survivors (3072K)
 Metaspace       used 40211K, committed 41344K, reserved 1114112K
  class space    used 3929K, committed 4416K, reserved 1048576K
}
Event: 30.121 GC heap after
{Heap after GC invocations=10 (full 0):
 garbage-first heap   total 150528K, used 92940K [0x00000000e0000000, 0x0000000100000000)
  region size 1024K, 4 young (4096K), 4 survivors (4096K)
 Metaspace       used 40211K, committed 41344K, reserved 1114112K
  class space    used 3929K, committed 4416K, reserved 1048576K
}
Event: 31.037 GC heap before
{Heap before GC invocations=10 (full 0):
 garbage-first heap   total 150528K, used 124684K [0x00000000e0000000, 0x0000000100000000)
  region size 1024K, 36 young (36864K), 4 survivors (4096K)
 Metaspace       used 46285K, committed 47808K, reserved 1114112K
  class space    used 4529K, committed 5184K, reserved 1048576K
}
Event: 31.044 GC heap after
{Heap after GC invocations=11 (full 0):
 garbage-first heap   total 150528K, used 95028K [0x00000000e0000000, 0x0000000100000000)
  region size 1024K, 3 young (3072K), 3 survivors (3072K)
 Metaspace       used 46285K, committed 47808K, reserved 1114112K
  class space    used 4529K, committed 5184K, reserved 1048576K
}
Event: 31.407 GC heap before
{Heap before GC invocations=11 (full 0):
 garbage-first heap   total 150528K, used 107316K [0x00000000e0000000, 0x0000000100000000)
  region size 1024K, 17 young (17408K), 3 survivors (3072K)
 Metaspace       used 48294K, committed 49920K, reserved 1114112K
  class space    used 4734K, committed 5440K, reserved 1048576K
}
Event: 31.412 GC heap after
{Heap after GC invocations=12 (full 0):
 garbage-first heap   total 150528K, used 95737K [0x00000000e0000000, 0x0000000100000000)
  region size 1024K, 4 young (4096K), 4 survivors (4096K)
 Metaspace       used 48294K, committed 49920K, reserved 1114112K
  class space    used 4734K, committed 5440K, reserved 1048576K
}
Event: 32.524 GC heap before
{Heap before GC invocations=13 (full 0):
 garbage-first heap   total 163840K, used 131577K [0x00000000e0000000, 0x0000000100000000)
  region size 1024K, 38 young (38912K), 4 survivors (4096K)
 Metaspace       used 55780K, committed 57408K, reserved 1114112K
  class space    used 5265K, committed 5952K, reserved 1048576K
}
Event: 32.531 GC heap after
{Heap after GC invocations=14 (full 0):
 garbage-first heap   total 163840K, used 97303K [0x00000000e0000000, 0x0000000100000000)
  region size 1024K, 3 young (3072K), 3 survivors (3072K)
 Metaspace       used 55780K, committed 57408K, reserved 1114112K
  class space    used 5265K, committed 5952K, reserved 1048576K
}
Event: 33.329 GC heap before
{Heap before GC invocations=14 (full 0):
 garbage-first heap   total 163840K, used 142359K [0x00000000e0000000, 0x0000000100000000)
  region size 1024K, 47 young (48128K), 3 survivors (3072K)
 Metaspace       used 57392K, committed 59008K, reserved 1114112K
  class space    used 5366K, committed 6080K, reserved 1048576K
}
Event: 33.335 GC heap after
{Heap after GC invocations=15 (full 0):
 garbage-first heap   total 163840K, used 97480K [0x00000000e0000000, 0x0000000100000000)
  region size 1024K, 4 young (4096K), 4 survivors (4096K)
 Metaspace       used 57392K, committed 59008K, reserved 1114112K
  class space    used 5366K, committed 6080K, reserved 1048576K
}
Event: 34.026 GC heap before
{Heap before GC invocations=15 (full 0):
 garbage-first heap   total 163840K, used 145608K [0x00000000e0000000, 0x0000000100000000)
  region size 1024K, 51 young (52224K), 4 survivors (4096K)
 Metaspace       used 57595K, committed 59200K, reserved 1114112K
  class space    used 5374K, committed 6080K, reserved 1048576K
}
Event: 34.031 GC heap after
{Heap after GC invocations=16 (full 0):
 garbage-first heap   total 163840K, used 98641K [0x00000000e0000000, 0x0000000100000000)
  region size 1024K, 5 young (5120K), 5 survivors (5120K)
 Metaspace       used 57595K, committed 59200K, reserved 1114112K
  class space    used 5374K, committed 6080K, reserved 1048576K
}
Event: 34.637 GC heap before
{Heap before GC invocations=17 (full 0):
 garbage-first heap   total 165888K, used 147793K [0x00000000e0000000, 0x0000000100000000)
  region size 1024K, 53 young (54272K), 5 survivors (5120K)
 Metaspace       used 57869K, committed 59456K, reserved 1114112K
  class space    used 5412K, committed 6080K, reserved 1048576K
}
Event: 34.643 GC heap after
{Heap after GC invocations=18 (full 0):
 garbage-first heap   total 165888K, used 98909K [0x00000000e0000000, 0x0000000100000000)
  region size 1024K, 3 young (3072K), 3 survivors (3072K)
 Metaspace       used 57869K, committed 59456K, reserved 1114112K
  class space    used 5412K, committed 6080K, reserved 1048576K
}
Event: 36.398 GC heap before
{Heap before GC invocations=18 (full 0):
 garbage-first heap   total 165888K, used 151133K [0x00000000e0000000, 0x0000000100000000)
  region size 1024K, 54 young (55296K), 3 survivors (3072K)
 Metaspace       used 62478K, committed 64768K, reserved 1114112K
  class space    used 6024K, committed 6976K, reserved 1048576K
}
Event: 36.409 GC heap after
{Heap after GC invocations=19 (full 0):
 garbage-first heap   total 165888K, used 100586K [0x00000000e0000000, 0x0000000100000000)
  region size 1024K, 5 young (5120K), 5 survivors (5120K)
 Metaspace       used 62478K, committed 64768K, reserved 1114112K
  class space    used 6024K, committed 6976K, reserved 1048576K
}
Event: 38.110 GC heap before
{Heap before GC invocations=19 (full 0):
 garbage-first heap   total 165888K, used 150762K [0x00000000e0000000, 0x0000000100000000)
  region size 1024K, 54 young (55296K), 5 survivors (5120K)
 Metaspace       used 64097K, committed 66496K, reserved 1114112K
  class space    used 6253K, committed 7296K, reserved 1048576K
}
Event: 38.121 GC heap after
{Heap after GC invocations=20 (full 0):
 garbage-first heap   total 165888K, used 102084K [0x00000000e0000000, 0x0000000100000000)
  region size 1024K, 3 young (3072K), 3 survivors (3072K)
 Metaspace       used 64097K, committed 66496K, reserved 1114112K
  class space    used 6253K, committed 7296K, reserved 1048576K
}

